[debug] [2022-07-16T15:01:47.732Z] ----------------------------------------------------------------------
[debug] [2022-07-16T15:01:47.735Z] Command:       C:\Program Files\nodejs\node.exe C:\Users\RITWIK SHAW\AppData\Roaming\npm\node_modules\firebase-tools\lib\bin\firebase.js init
[debug] [2022-07-16T15:01:47.737Z] CLI Version:   11.0.1
[debug] [2022-07-16T15:01:47.737Z] Platform:      win32
[debug] [2022-07-16T15:01:47.737Z] Node Version:  v16.15.1
[debug] [2022-07-16T15:01:47.738Z] Time:          Sat Jul 16 2022 20:31:47 GMT+0530 (India Standard Time)
[debug] [2022-07-16T15:01:47.739Z] ----------------------------------------------------------------------
[debug] 
[debug] [2022-07-16T15:01:47.754Z] > command requires scopes: ["email","openid","https://www.googleapis.com/auth/cloudplatformprojects.readonly","https://www.googleapis.com/auth/firebase","https://www.googleapis.com/auth/cloud-platform"]
[debug] [2022-07-16T15:01:47.755Z] > authorizing via signed-in user (shawritwik2@gmail.com)
[info] 
     ######## #### ########  ######## ########     ###     ######  ########
     ##        ##  ##     ## ##       ##     ##  ##   ##  ##       ##
     ######    ##  ########  ######   ########  #########  ######  ######
     ##        ##  ##    ##  ##       ##     ## ##     ##       ## ##
     ##       #### ##     ## ######## ########  ##     ##  ######  ########

You're about to initialize a Firebase project in this directory:

  D:\WEB DEVELOPMENT\LinkedIn Clone\linkedin-clone

[info] 
=== Project Setup
[info] 
[info] First, let's associate this project directory with a Firebase project.
[info] You can create multiple project aliases by running firebase use --add, 
[info] but for now we'll just set up a default project.
[info] 
[debug] [2022-07-16T15:02:05.951Z] >>> [apiv2][query] GET https://firebase.googleapis.com/v1beta1/projects pageSize=100
[debug] [2022-07-16T15:02:08.951Z] <<< [apiv2][status] GET https://firebase.googleapis.com/v1beta1/projects 200
[debug] [2022-07-16T15:02:08.951Z] <<< [apiv2][body] GET https://firebase.googleapis.com/v1beta1/projects [omitted]
[info] i  Using project linkedin-clone27 (linkedin-clone27) 
[info] 
=== Hosting Setup
[info] 
[info] Your public directory is the folder (relative to your project directory) that
[info] will contain Hosting assets to be uploaded with firebase deploy. If you
[info] have a build process for your assets, use your build's output directory.
[info] 
[debug] [2022-07-16T15:02:27.079Z] >>> [apiv2][query] GET https://www.gstatic.com/firebasejs/releases.json [none]
[debug] [2022-07-16T15:02:27.735Z] <<< [apiv2][status] GET https://www.gstatic.com/firebasejs/releases.json 200
[debug] [2022-07-16T15:02:27.735Z] <<< [apiv2][body] GET https://www.gstatic.com/firebasejs/releases.json {"current":{"version":"9.9.0","browserURL":"https://www.gstatic.com/firebasejs/9.9.0/firebase.js","packageURL":"https://www.gstatic.com/firebasejs/9.9.0/firebase.tgz"},"live":{"version":"9.9","browserURL":"https://www.gstatic.com/firebasejs/live/9.9/firebase.js","packageURL":"https://www.gstatic.com/firebasejs/live/9.9/firebase.tgz"},"components":{"analytics":"https://www.gstatic.com/firebasejs/9.9.0/firebase-analytics.js","app":"https://www.gstatic.com/firebasejs/9.9.0/firebase-app.js","app-check":"https://www.gstatic.com/firebasejs/9.9.0/firebase-app-check.js","auth":"https://www.gstatic.com/firebasejs/9.9.0/firebase-auth.js","auth/cordova":"https://www.gstatic.com/firebasejs/9.9.0/firebase-auth/cordova.js","auth/react-native":"https://www.gstatic.com/firebasejs/9.9.0/firebase-auth/react-native.js","functions":"https://www.gstatic.com/firebasejs/9.9.0/firebase-functions.js","firestore":"https://www.gstatic.com/firebasejs/9.9.0/firebase-firestore.js","firestore/lite":"https://www.gstatic.com/firebasejs/9.9.0/firebase-firestore/lite.js","installations":"https://www.gstatic.com/firebasejs/9.9.0/firebase-installations.js","storage":"https://www.gstatic.com/firebasejs/9.9.0/firebase-storage.js","performance":"https://www.gstatic.com/firebasejs/9.9.0/firebase-performance.js","remote-config":"https://www.gstatic.com/firebasejs/9.9.0/firebase-remote-config.js","messaging":"https://www.gstatic.com/firebasejs/9.9.0/firebase-messaging.js","messaging/sw":"https://www.gstatic.com/firebasejs/9.9.0/firebase-messaging/sw.js","database":"https://www.gstatic.com/firebasejs/9.9.0/firebase-database.js","firestore.memory":"https://www.gstatic.com/firebasejs/9.9.0/firebase-firestore.memory.js"}}
[info] +  Wrote build/index.html 
[info] 
[info] i  Detected a .git folder at D:\WEB DEVELOPMENT\LinkedIn Clone\linkedin-clone 
[info] i  Authorizing with GitHub to upload your service account to a GitHub repository's secrets store. 
[info] 
[info] Visit this URL on this device to log in:
[info] https://github.com/login/oauth/authorize?client_id=89cf50f02ac6aaed3484&state=1062369271&redirect_uri=http%3A%2F%2Flocalhost%3A9005&scope=read%3Auser%20repo%20public_repo
[info] 
[info] Waiting for authentication...
[debug] [2022-07-16T15:02:29.386Z] >>> HTTP REQUEST POST https://github.com/login/oauth/access_token  
 {"client_id":"89cf50f02ac6aaed3484","client_secret":"3330d14abc895d9a74d5f17cd7a00711fa2c5bf0","code":"8af26b9c59f0f2404051","redirect_uri":"http://localhost:9005","state":"1062369271"}
[debug] [2022-07-16T15:02:29.884Z] <<< HTTP RESPONSE 200 {"server":"GitHub.com","date":"Sat, 16 Jul 2022 15:02:34 GMT","content-type":"application/json; charset=utf-8","transfer-encoding":"chunked","vary":"X-PJAX, X-PJAX-Container, Turbo-Visit, Turbo-Frame, Accept-Encoding, Accept, X-Requested-With","permissions-policy":"interest-cohort=()","etag":"W/\"f50e8231b72ec00aab88f05d1588d519\"","cache-control":"max-age=0, private, must-revalidate","strict-transport-security":"max-age=31536000; includeSubdomains; preload","x-frame-options":"deny","x-content-type-options":"nosniff","x-xss-protection":"0","referrer-policy":"origin-when-cross-origin, strict-origin-when-cross-origin","expect-ct":"max-age=2592000, report-uri=\"https://api.github.com/_private/browser/errors\"","content-security-policy":"default-src 'none'; base-uri 'self'; block-all-mixed-content; child-src github.com/assets-cdn/worker/ gist.github.com/assets-cdn/worker/; connect-src 'self' uploads.github.com objects-origin.githubusercontent.com www.githubstatus.com collector.github.com raw.githubusercontent.com api.github.com github-cloud.s3.amazonaws.com github-production-repository-file-5c1aeb.s3.amazonaws.com github-production-upload-manifest-file-7fdce7.s3.amazonaws.com github-production-user-asset-6210df.s3.amazonaws.com cdn.optimizely.com logx.optimizely.com/v1/events *.actions.githubusercontent.com wss://*.actions.githubusercontent.com online.visualstudio.com/api/v1/locations github-production-repository-image-32fea6.s3.amazonaws.com github-production-release-asset-2e65be.s3.amazonaws.com insights.github.com wss://alive.github.com; font-src github.githubassets.com; form-action 'self' github.com gist.github.com objects-origin.githubusercontent.com; frame-ancestors 'none'; frame-src render.githubusercontent.com viewscreen.githubusercontent.com notebooks.githubusercontent.com; img-src 'self' data: github.githubassets.com identicons.github.com github-cloud.s3.amazonaws.com secured-user-images.githubusercontent.com/ github-production-user-asset-6210df.s3.amazonaws.com *.githubusercontent.com; manifest-src 'self'; media-src github.com user-images.githubusercontent.com/; script-src github.githubassets.com; style-src 'unsafe-inline' github.githubassets.com; worker-src github.com/assets-cdn/worker/ gist.github.com/assets-cdn/worker/","x-github-request-id":"CA9C:7081:A03B36:CCAA6E:62D2D30A"}
[debug] [2022-07-16T15:02:29.932Z] >>> [apiv2][query] GET https://api.github.com/user [none]
[debug] [2022-07-16T15:02:30.372Z] <<< [apiv2][status] GET https://api.github.com/user 200
[debug] [2022-07-16T15:02:30.373Z] <<< [apiv2][body] GET https://api.github.com/user {"login":"RitwikShaw27","id":59873975,"node_id":"MDQ6VXNlcjU5ODczOTc1","avatar_url":"https://avatars.githubusercontent.com/u/59873975?v=4","gravatar_id":"","url":"https://api.github.com/users/RitwikShaw27","html_url":"https://github.com/RitwikShaw27","followers_url":"https://api.github.com/users/RitwikShaw27/followers","following_url":"https://api.github.com/users/RitwikShaw27/following{/other_user}","gists_url":"https://api.github.com/users/RitwikShaw27/gists{/gist_id}","starred_url":"https://api.github.com/users/RitwikShaw27/starred{/owner}{/repo}","subscriptions_url":"https://api.github.com/users/RitwikShaw27/subscriptions","organizations_url":"https://api.github.com/users/RitwikShaw27/orgs","repos_url":"https://api.github.com/users/RitwikShaw27/repos","events_url":"https://api.github.com/users/RitwikShaw27/events{/privacy}","received_events_url":"https://api.github.com/users/RitwikShaw27/received_events","type":"User","site_admin":false,"name":"Ritwik Shaw","company":null,"blog":"","location":"Kolkata, India","email":null,"hireable":null,"bio":"converting words into codes✨ ","twitter_username":null,"public_repos":47,"public_gists":0,"followers":0,"following":9,"created_at":"2020-01-14T12:44:00Z","updated_at":"2022-07-15T08:08:04Z","private_gists":0,"total_private_repos":4,"owned_private_repos":4,"disk_usage":109779,"collaborators":0,"two_factor_authentication":false,"plan":{"name":"pro","space":976562499,"collaborators":0,"private_repos":9999}}
[info] 
[info] +  Success! Logged into GitHub as RitwikShaw27 
[info] 
